This is pdfTeX, Version 3.141592653-2.6-1.40.23 (TeX Live 2021/W32TeX) (preloaded format=pdflatex 2021.10.18)  21 OCT 2021 11:50
entering extended mode
 \write18 enabled.
 %&-line parsing enabled.
**"C:/Users/Esther Makabe/NAPdown/preamble.tex"
(c:/Users/Esther Makabe/NAPdown/preamble.tex
LaTeX2e <2021-06-01> patch level 1
L3 programming layer <2021-10-17>

! LaTeX Error: \usepackage before \documentclass.

See the LaTeX manual or LaTeX Companion for explanation.
Type  H <return>  for immediate help.
 ...                                              
                                                  
l.1 \usepackage{
                float} 
Here is how much of TeX's memory you used:
 19 strings out of 480559
 662 string characters out of 5901527
 285561 words of memory out of 5000000
 17745 multiletter control sequences out of 15000+600000
 403430 words of font info for 27 fonts, out of 8000000 for 9000
 14 hyphenation exceptions out of 8191
 13i,0n,12p,95b,14s stack positions out of 5000i,500n,10000p,200000b,80000s

!  ==> Fatal error occurred, no output PDF file produced!
